<?xml version="1.0" encoding="UTF-8"?>
<testsuites name="jest tests" tests="12" failures="0" errors="0" time="0.697">
  <testsuite name="Tests for the API" errors="0" failures="0" skipped="0" timestamp="2023-10-16T10:25:33" time="0.354" tests="5">
    <testcase classname="Tests for the API Should return duty list" name="Tests for the API Should return duty list" time="0.061">
    </testcase>
    <testcase classname="Tests for the API Should create a new duty" name="Tests for the API Should create a new duty" time="0.015">
    </testcase>
    <testcase classname="Tests for the API Should get an specific duty" name="Tests for the API Should get an specific duty" time="0.002">
    </testcase>
    <testcase classname="Tests for the API Should update an specific duty" name="Tests for the API Should update an specific duty" time="0.002">
    </testcase>
    <testcase classname="Tests for the API Should delete an specific duty" name="Tests for the API Should delete an specific duty" time="0.002">
    </testcase>
  </testsuite>
  <testsuite name="Duties Repository Test" errors="0" failures="0" skipped="0" timestamp="2023-10-16T10:25:33" time="0.136" tests="5">
    <testcase classname="Duties Repository Test Test getDuties Should get all duties" name="Duties Repository Test Test getDuties Should get all duties" time="0.039">
    </testcase>
    <testcase classname="Duties Repository Test Test getDuty Should get just one duty" name="Duties Repository Test Test getDuty Should get just one duty" time="0.003">
    </testcase>
    <testcase classname="Duties Repository Test Test createDuty Should create a new duty" name="Duties Repository Test Test createDuty Should create a new duty" time="0.001">
    </testcase>
    <testcase classname="Duties Repository Test Test updateDuty Should update a duty" name="Duties Repository Test Test updateDuty Should update a duty" time="0.002">
    </testcase>
    <testcase classname="Duties Repository Test Test deleteDuty Should delete just one duty" name="Duties Repository Test Test deleteDuty Should delete just one duty" time="0.002">
    </testcase>
  </testsuite>
  <testsuite name="Test duties paths" errors="0" failures="0" skipped="0" timestamp="2023-10-16T10:25:33" time="0.117" tests="2">
    <testcase classname="Test duties paths Should get duties list adding two new entries" name="Test duties paths Should get duties list adding two new entries" time="0.039">
    </testcase>
    <testcase classname="Test duties paths Should get duties list, adding, updating and deleting a duty" name="Test duties paths Should get duties list, adding, updating and deleting a duty" time="0.005">
    </testcase>
  </testsuite>
</testsuites>